{
  "RSpec": {
    "coverage": {
      "/home/neosoft/Desktop/invoice_app/app/helpers/application_helper.rb": {
        "lines": [
          1,
          null
        ]
      },
      "/home/neosoft/Desktop/invoice_app/app/models/invoice.rb": {
        "lines": [
          1,
          1,
          null,
          null,
          1,
          null,
          1,
          null,
          null,
          1,
          2,
          null,
          null,
          null,
          1,
          6,
          6,
          null,
          null,
          null,
          null,
          null,
          1,
          6,
          5,
          null,
          4,
          4,
          null,
          null,
          null,
          null,
          1,
          null,
          1,
          11,
          null,
          null
        ]
      },
      "/home/neosoft/Desktop/invoice_app/app/models/application_record.rb": {
        "lines": [
          1,
          1,
          null
        ]
      },
      "/home/neosoft/Desktop/invoice_app/app/models/payment.rb": {
        "lines": [
          1,
          1,
          null,
          1,
          null,
          1,
          1,
          null,
          null,
          1,
          1,
          null,
          null
        ]
      },
      "/home/neosoft/Desktop/invoice_app/app/channels/application_cable/channel.rb": {
        "lines": [
          0,
          0,
          0,
          0
        ],
        "branches": {}
      },
      "/home/neosoft/Desktop/invoice_app/app/channels/application_cable/connection.rb": {
        "lines": [
          0,
          0,
          0,
          0
        ],
        "branches": {}
      },
      "/home/neosoft/Desktop/invoice_app/app/controllers/application_controller.rb": {
        "lines": [
          0,
          null,
          0,
          0
        ],
        "branches": {}
      },
      "/home/neosoft/Desktop/invoice_app/app/jobs/application_job.rb": {
        "lines": [
          0,
          null,
          null,
          null,
          null,
          null,
          0
        ],
        "branches": {}
      },
      "/home/neosoft/Desktop/invoice_app/app/mailers/application_mailer.rb": {
        "lines": [
          0,
          0,
          0,
          0
        ],
        "branches": {}
      }
    },
    "timestamp": 1759779753
  }
}
